{"logLevel":"debug","message":"multithreading is set to false"}
{"logLevel":"debug","message":"Using reflection to scan dependencies for gauge implementations..."}
{"logLevel":"debug","message":"gauge-java took 670milliseconds to load and scan. This should be less than 'runner_connection_timeout' config value."}
{"logLevel":"debug","message":"run 'gauge config runner_connection_timeout' and verify that it is < 670"}
{"logLevel":"debug","message":"starting gRPC server..."}
{"logLevel":"debug","message":"started gRPC server on port 52326"}
{"logLevel":"info","message":"Listening on port:52326"}
[pool-1-thread-1] INFO org.reflections.Reflections - Reflections took 2535 ms to scan 79 urls, producing 9710 keys and 52229 values {"logLevel":"debug","message":"Scanning packages for steps"}

{"logLevel":"debug","message":"Comparing 'com.imdb.steps.StepImplementation.openUrl' and 'com.imdb.steps.StepImplementation.openUrl'"}
{"logLevel":"debug","message":"Found {} adresine git in current project scope."}
{"logLevel":"debug","message":"Loading {}\" nameli input nesnesini bul ve \"{}\" textini girvia reflected sources."}
{"logLevel":"debug","message":"Comparing 'com.imdb.base.TestBase.findElementById' and 'com.imdb.base.TestBase.findElementById'"}
{"logLevel":"debug","message":"Found {} ara in current project scope."}
{"logLevel":"debug","message":"Comparing 'com.imdb.steps.StepImplementation.staticWait' and 'com.imdb.steps.StepImplementation.staticWait'"}
{"logLevel":"debug","message":"Found {} saniye bekle in current project scope."}
{"logLevel":"debug","message":"Scanning packages for hooks"}
{"logLevel":"debug","message":"Scanned steps (using static parsing + reflections): "}
{"logLevel":"debug","message":"\t{} saniye bekle : public void staticWait(ınt sec)"}
{"logLevel":"debug","message":"\t{} ara : public void findElementById(String search)"}
{"logLevel":"debug","message":"\t{} adresine git : public void openUrl(String url)"}
{"logLevel":"debug","message":"\t{}\" nameli input nesnesini bul ve \"{}\" textini gir : null"}
{"logLevel":"debug","message":"\t\\\"{}\\\" nameli input nesnesini bul ve \\\"{}\\\" textini gir : public void findElementByName(String id, String text)"}
[pool-2-thread-1] INFO org.reflections.Reflections - Reflections took 1718 ms to scan 79 urls, producing 9641 keys and 44639 values 
{"logLevel":"debug","message":"Killing Java runner..."}
{"logLevel":"debug","message":"Stopping execution pool..."}
{"logLevel":"debug","message":"Shutting down grpc server..."}
{"logLevel":"debug","message":"Runner killed gracefully."}
