{"logLevel":"debug","message":"multithreading is set to false"}
{"logLevel":"debug","message":"Using reflection to scan dependencies for gauge implementations..."}
{"logLevel":"debug","message":"gauge-java took 633milliseconds to load and scan. This should be less than 'runner_connection_timeout' config value."}
{"logLevel":"debug","message":"run 'gauge config runner_connection_timeout' and verify that it is < 633"}
{"logLevel":"debug","message":"starting gRPC server..."}
{"logLevel":"debug","message":"started gRPC server on port 55688"}
{"logLevel":"info","message":"Listening on port:55688"}
[pool-1-thread-1] INFO org.reflections.Reflections - Reflections took 2716 ms to scan 79 urls, producing 9710 keys and 52229 values 
{"logLevel":"debug","message":"Scanning packages for steps"}
{"logLevel":"debug","message":"Comparing 'com.imdb.steps.StepImplementation.openUrl' and 'com.imdb.steps.StepImplementation.openUrl'"}
{"logLevel":"debug","message":"Found {} adresine git in current project scope."}
{"logLevel":"debug","message":"Comparing 'com.imdb.steps.StepImplementation.findElementByName' and 'com.imdb.steps.StepImplementation.findElementByName'"}
{"logLevel":"debug","message":"Found {} nameli input nesnesini bul ve {} textini gir in current project scope."}
{"logLevel":"debug","message":"Comparing 'com.imdb.base.TestBase.findElementById' and 'com.imdb.base.TestBase.findElementById'"}
{"logLevel":"debug","message":"Found {} ara in current project scope."}
{"logLevel":"debug","message":"Comparing 'com.imdb.steps.StepImplementation.staticWait' and 'com.imdb.steps.StepImplementation.staticWait'"}
{"logLevel":"debug","message":"Found {} saniye bekle in current project scope."}
{"logLevel":"debug","message":"Scanning packages for hooks"}
{"logLevel":"debug","message":"Scanned steps (using static parsing + reflections): "}
{"logLevel":"debug","message":"\t{} saniye bekle : public void staticWait(ınt sec)"}
{"logLevel":"debug","message":"\t{} ara : public void findElementById(String search)"}
{"logLevel":"debug","message":"\t{} adresine git : public void openUrl(String url)"}
{"logLevel":"debug","message":"\t{} nameli input nesnesini bul ve {} textini gir : public void findElementByName(String name, String text)"}
[pool-2-thread-1] INFO org.reflections.Reflections - Reflections took 1760 ms to scan 79 urls, producing 9641 keys and 44639 values 
Haz 15, 2021 10:38:54 AM org.openqa.selenium.remote.DesiredCapabilities chrome
INFO: Using `new ChromeOptions()` is preferred to `DesiredCapabilities.chrome()`
Starting ChromeDriver 91.0.4472.19 (1bf021f248676a0b2ab3ee0561d83a59e424c23e-refs/branch-heads/4472@{#288}) on port 27080
Only local connections are allowed.
Please see https://chromedriver.chromium.org/security-considerations for suggestions on keeping ChromeDriver safe.
ChromeDriver was started successfully.
Haz 15, 2021 10:38:55 AM org.openqa.selenium.remote.ProtocolHandshake createSession
INFO: Detected dialect: W3C
{"logLevel":"debug","message":"Executing '{} adresine git' using 'class com.imdb.steps.StepImplementation.openUrl"}
Home page openned
{"logLevel":"debug","message":"Executing '{} saniye bekle' using 'class com.imdb.steps.StepImplementation.staticWait"}
Waited 3 seconds.
{"logLevel":"debug","message":"Executing '{} nameli input nesnesini bul ve {} textini gir' using 'class com.imdb.steps.StepImplementation.findElementByName"}
{"logLevel":"debug","message":"Killing Java runner..."}
{"logLevel":"debug","message":"Stopping execution pool..."}
{"logLevel":"debug","message":"Shutting down grpc server..."}
{"logLevel":"debug","message":"Runner killed gracefully."}
